app/manifest-merger-release-report.txt
-- Merging decision tree log ---
manifest
ADDED from AndroidManifest.xml:2:1
	xmlns:tools
		ADDED from AndroidManifest.xml:4:5
	xmlns:android
		ADDED from AndroidManifest.xml:3:5
	package
		ADDED from AndroidManifest.xml:5:5
		INJECTED from AndroidManifest.xml:0:0
		INJECTED from AndroidManifest.xml:0:0
	android:versionName
		INJECTED from AndroidManifest.xml:0:0
		INJECTED from AndroidManifest.xml:0:0
	android:versionCode
		INJECTED from AndroidManifest.xml:0:0
		INJECTED from AndroidManifest.xml:0:0
supports-screens
ADDED from AndroidManifest.xml:7:5
	android:resizeable
		ADDED from AndroidManifest.xml:7:23
	android:largeScreens
		ADDED from AndroidManifest.xml:10:23
	android:anyDensity
		ADDED from AndroidManifest.xml:11:23
	android:normalScreens
		ADDED from AndroidManifest.xml:9:23
	android:smallScreens
		ADDED from AndroidManifest.xml:8:23
uses-permission#android.permission.INTERNET
ADDED from AndroidManifest.xml:13:5
	android:name
		ADDED from AndroidManifest.xml:13:22
uses-permission#android.permission.ACCESS_NETWORK_STATE
ADDED from AndroidManifest.xml:14:5
	android:name
		ADDED from AndroidManifest.xml:14:22
uses-permission#android.permission.WRITE_EXTERNAL_STORAGE
ADDED from AndroidManifest.xml:15:5
	android:name
		ADDED from AndroidManifest.xml:15:22
uses-permission#android.permission.READ_EXTERNAL_STORAGE
ADDED from AndroidManifest.xml:16:5
	android:name
		ADDED from AndroidManifest.xml:16:22
uses-permission#android.permission.CAMERA
ADDED from AndroidManifest.xml:17:5
	android:name
		ADDED from AndroidManifest.xml:17:22
uses-feature#android.hardware.camera
ADDED from AndroidManifest.xml:19:5
	android:required
		ADDED from AndroidManifest.xml:19:58
	android:name
		ADDED from AndroidManifest.xml:19:19
uses-feature#android.hardware.camera.autofocus
ADDED from AndroidManifest.xml:20:5
	android:required
		ADDED from AndroidManifest.xml:20:68
	android:name
		ADDED from AndroidManifest.xml:20:19
uses-feature#android.hardware.camera.front
ADDED from AndroidManifest.xml:21:5
	android:required
		ADDED from AndroidManifest.xml:21:64
	android:name
		ADDED from AndroidManifest.xml:21:19
uses-feature#android.hardware.camera.front.autofocus
ADDED from AndroidManifest.xml:22:5
	android:required
		ADDED from AndroidManifest.xml:22:74
	android:name
		ADDED from AndroidManifest.xml:22:19
application
ADDED from AndroidManifest.xml:24:5
MERGED from com.android.support:appcompat-v7:21.0.3:16:5
MERGED from com.android.support:support-v4:21.0.3:16:5
MERGED from com.kbeanie:image-chooser-library:1.3.52:11:5
MERGED from com.android.support:appcompat-v7:21.0.3:16:5
MERGED from com.android.support:support-v4:21.0.3:16:5
MERGED from com.getbase:floatingactionbutton:1.5.1:12:5
MERGED from com.android.support:support-v4:21.0.3:16:5
	android:label
		ADDED from AndroidManifest.xml:29:9
	android:allowBackup
		ADDED from AndroidManifest.xml:27:9
	android:icon
		ADDED from AndroidManifest.xml:28:9
		REJECTED from com.kbeanie:image-chooser-library:1.3.52:13:9
	android:theme
		ADDED from AndroidManifest.xml:30:9
	tools:replace
		ADDED from AndroidManifest.xml:25:9
	android:name
		ADDED from AndroidManifest.xml:26:9
activity#us.lucidian.instacount.InstaCountMainActivity
ADDED from AndroidManifest.xml:32:9
	android:label
		ADDED from AndroidManifest.xml:33:19
	android:name
		ADDED from AndroidManifest.xml:32:19
activity#us.lucidian.instacount.CropActivity
ADDED from AndroidManifest.xml:35:9
	android:label
		ADDED from AndroidManifest.xml:38:13
	android:configChanges
		ADDED from AndroidManifest.xml:37:13
	android:name
		ADDED from AndroidManifest.xml:36:13
intent-filter#android.intent.action.MAIN+android.intent.category.LAUNCHER
ADDED from AndroidManifest.xml:39:13
action#android.intent.action.MAIN
ADDED from AndroidManifest.xml:39:28
	android:name
		ADDED from AndroidManifest.xml:39:36
category#android.intent.category.LAUNCHER
ADDED from AndroidManifest.xml:39:80
	android:name
		ADDED from AndroidManifest.xml:39:90
activity#us.lucidian.instacount.CameraRTDetectActivity
ADDED from AndroidManifest.xml:42:9
	android:name
		ADDED from AndroidManifest.xml:42:19
activity#us.lucidian.instacount.TemplateSelectDialog
ADDED from AndroidManifest.xml:44:9
	android:label
		ADDED from AndroidManifest.xml:47:13
	android:configChanges
		ADDED from AndroidManifest.xml:46:13
	android:theme
		ADDED from AndroidManifest.xml:48:13
	android:name
		ADDED from AndroidManifest.xml:45:13
uses-sdk
INJECTED from AndroidManifest.xml:0:0 reason: use-sdk injection requested
MERGED from insta-count:openCVLibrary2410:unspecified:7:5
MERGED from com.android.support:appcompat-v7:21.0.3:15:5
MERGED from com.android.support:support-v4:21.0.3:15:5
MERGED from com.kbeanie:image-chooser-library:1.3.52:7:5
MERGED from com.afollestad:material-dialogs:0.4.4:8:5
MERGED from com.android.support:appcompat-v7:21.0.3:15:5
MERGED from com.android.support:support-v4:21.0.3:15:5
MERGED from com.getbase:floatingactionbutton:1.5.1:8:5
MERGED from com.android.support:support-v4:21.0.3:15:5
	android:targetSdkVersion
		INJECTED from AndroidManifest.xml:0:0
		INJECTED from AndroidManifest.xml:0:0
	android:minSdkVersion
		INJECTED from AndroidManifest.xml:0:0
		INJECTED from AndroidManifest.xml:0:0